192;194;195;199;Moyenne mobile =195
190;192;194;195;Moyenne mobile =192
201;190;192;194;Moyenne mobile =194
188;201;190;192;Moyenne mobile =192
198;188;201;190;Moyenne mobile =194
1195;198;188;201;Moyenne mobile =445
1794;1195;198;188;Moyenne mobile =843
2197;1794;1195;198;Moyenne mobile =1346
2277;2197;1794;1195;Moyenne mobile =1865
2261;2277;2197;1794;Moyenne mobile =2132
2257;2261;2277;2197;Moyenne mobile =2248
2224;2257;2261;2277;Moyenne mobile =2254
1482;2224;2257;2261;Moyenne mobile =2056
197;1482;2224;2257;Moyenne mobile =1540
202;197;1482;2224;Moyenne mobile =1026
191;202;197;1482;Moyenne mobile =518
203;191;202;197;Moyenne mobile =198
187;203;191;202;Moyenne mobile =195
281;187;203;191;Moyenne mobile =215
2142;281;187;203;Moyenne mobile =703
2004;2142;281;187;Moyenne mobile =1153
2097;2004;2142;281;Moyenne mobile =1631
192;2097;2004;2142;Moyenne mobile =1608
199;192;2097;2004;Moyenne mobile =1123
193;199;192;2097;Moyenne mobile =670
193;193;199;192;Moyenne mobile =194
199;193;193;199;Moyenne mobile =196
189;199;193;193;Moyenne mobile =193
163;189;199;193;Moyenne mobile =186
192;163;189;199;Moyenne mobile =185
191;192;163;189;Moyenne mobile =183
1853;191;192;163;Moyenne mobile =599
2031;1853;191;192;Moyenne mobile =1066
2078;2031;1853;191;Moyenne mobile =1538
1094;2078;2031;1853;Moyenne mobile =1764
544;1094;2078;2031;Moyenne mobile =1436
741;544;1094;2078;Moyenne mobile =1114
1034;741;544;1094;Moyenne mobile =853
794;1034;741;544;Moyenne mobile =778
197;794;1034;741;Moyenne mobile =691
202;197;794;1034;Moyenne mobile =556
191;202;197;794;Moyenne mobile =346
193;191;202;197;Moyenne mobile =195
194;193;191;202;Moyenne mobile =195
187;194;193;191;Moyenne mobile =191
674;187;194;193;Moyenne mobile =312
2005;674;187;194;Moyenne mobile =765
1749;2005;674;187;Moyenne mobile =1153
1633;1749;2005;674;Moyenne mobile =1515
1552;1633;1749;2005;Moyenne mobile =1734
1519;1552;1633;1749;Moyenne mobile =1613
1549;1519;1552;1633;Moyenne mobile =1563
201;1549;1519;1552;Moyenne mobile =1205
194;201;1549;1519;Moyenne mobile =865
192;194;201;1549;Moyenne mobile =534